{"C:\\Users\\geras\\Desktop\\js\\Gerasik-2019Q1\\youtube-client\\src\\models\\AppModel.js": {"path":"C:\\Users\\geras\\Desktop\\js\\Gerasik-2019Q1\\youtube-client\\src\\models\\AppModel.js","statementMap":{"0":{"start":{"line":3,"column":4},"end":{"line":3,"column":23}},"1":{"start":{"line":7,"column":18},"end":{"line":7,"column":34}},"2":{"start":{"line":9,"column":22},"end":{"line":9,"column":24}},"3":{"start":{"line":10,"column":6},"end":{"line":10,"column":41}},"4":{"start":{"line":11,"column":6},"end":{"line":11,"column":53}},"5":{"start":{"line":12,"column":6},"end":{"line":12,"column":53}},"6":{"start":{"line":13,"column":6},"end":{"line":13,"column":46}},"7":{"start":{"line":14,"column":6},"end":{"line":14,"column":48}},"8":{"start":{"line":15,"column":6},"end":{"line":15,"column":32}},"9":{"start":{"line":16,"column":6},"end":{"line":16,"column":35}},"10":{"start":{"line":17,"column":6},"end":{"line":17,"column":21}},"11":{"start":{"line":19,"column":4},"end":{"line":19,"column":49}},"12":{"start":{"line":23,"column":20},"end":{"line":23,"column":69}},"13":{"start":{"line":23,"column":43},"end":{"line":23,"column":58}},"14":{"start":{"line":24,"column":16},"end":{"line":24,"column":114}},"15":{"start":{"line":25,"column":21},"end":{"line":25,"column":37}},"16":{"start":{"line":26,"column":26},"end":{"line":26,"column":47}},"17":{"start":{"line":27,"column":4},"end":{"line":27,"column":70}},"18":{"start":{"line":27,"column":43},"end":{"line":27,"column":68}},"19":{"start":{"line":31,"column":49},"end":{"line":31,"column":59}},"20":{"start":{"line":32,"column":14},"end":{"line":32,"column":127}},"21":{"start":{"line":33,"column":4},"end":{"line":35,"column":5}},"22":{"start":{"line":34,"column":6},"end":{"line":34,"column":43}},"23":{"start":{"line":36,"column":21},"end":{"line":36,"column":37}},"24":{"start":{"line":37,"column":17},"end":{"line":37,"column":38}},"25":{"start":{"line":38,"column":4},"end":{"line":41,"column":6}}},"fnMap":{"0":{"name":"(anonymous_0)","decl":{"start":{"line":2,"column":2},"end":{"line":2,"column":3}},"loc":{"start":{"line":2,"column":21},"end":{"line":4,"column":3}},"line":2},"1":{"name":"(anonymous_1)","decl":{"start":{"line":6,"column":2},"end":{"line":6,"column":3}},"loc":{"start":{"line":6,"column":49},"end":{"line":20,"column":3}},"line":6},"2":{"name":"cteateItem","decl":{"start":{"line":8,"column":13},"end":{"line":8,"column":23}},"loc":{"start":{"line":8,"column":34},"end":{"line":18,"column":5}},"line":8},"3":{"name":"(anonymous_3)","decl":{"start":{"line":22,"column":2},"end":{"line":22,"column":3}},"loc":{"start":{"line":22,"column":46},"end":{"line":28,"column":3}},"line":22},"4":{"name":"(anonymous_4)","decl":{"start":{"line":23,"column":35},"end":{"line":23,"column":36}},"loc":{"start":{"line":23,"column":43},"end":{"line":23,"column":58}},"line":23},"5":{"name":"(anonymous_5)","decl":{"start":{"line":27,"column":35},"end":{"line":27,"column":36}},"loc":{"start":{"line":27,"column":43},"end":{"line":27,"column":68}},"line":27},"6":{"name":"(anonymous_6)","decl":{"start":{"line":30,"column":2},"end":{"line":30,"column":3}},"loc":{"start":{"line":30,"column":23},"end":{"line":42,"column":3}},"line":30}},"branchMap":{"0":{"loc":{"start":{"line":33,"column":4},"end":{"line":35,"column":5}},"type":"if","locations":[{"start":{"line":33,"column":4},"end":{"line":35,"column":5}},{"start":{"line":33,"column":4},"end":{"line":35,"column":5}}],"line":33}},"s":{"0":0,"1":2,"2":6,"3":6,"4":6,"5":6,"6":6,"7":6,"8":6,"9":6,"10":6,"11":2,"12":0,"13":0,"14":0,"15":0,"16":0,"17":0,"18":0,"19":0,"20":0,"21":0,"22":0,"23":0,"24":0,"25":0},"f":{"0":0,"1":2,"2":6,"3":0,"4":0,"5":0,"6":0},"b":{"0":[0,0]},"_coverageSchema":"43e27e138ebf9cfc5966b082cf9a028302ed4184","hash":"a318e55769cef2201c81d15c8014d10e893de68a"}
,"C:\\Users\\geras\\Desktop\\js\\Gerasik-2019Q1\\youtube-client\\src\\views\\AppClips\\AppClips.js": {"path":"C:\\Users\\geras\\Desktop\\js\\Gerasik-2019Q1\\youtube-client\\src\\views\\AppClips\\AppClips.js","statementMap":{"0":{"start":{"line":3,"column":4},"end":{"line":3,"column":21}},"1":{"start":{"line":4,"column":4},"end":{"line":4,"column":25}},"2":{"start":{"line":5,"column":4},"end":{"line":5,"column":23}},"3":{"start":{"line":9,"column":17},"end":{"line":9,"column":46}},"4":{"start":{"line":10,"column":4},"end":{"line":10,"column":34}},"5":{"start":{"line":11,"column":4},"end":{"line":22,"column":89}},"6":{"start":{"line":23,"column":4},"end":{"line":23,"column":51}}},"fnMap":{"0":{"name":"(anonymous_0)","decl":{"start":{"line":2,"column":2},"end":{"line":2,"column":3}},"loc":{"start":{"line":2,"column":28},"end":{"line":6,"column":3}},"line":2},"1":{"name":"(anonymous_1)","decl":{"start":{"line":8,"column":2},"end":{"line":8,"column":3}},"loc":{"start":{"line":8,"column":11},"end":{"line":24,"column":3}},"line":8}},"branchMap":{},"s":{"0":0,"1":0,"2":0,"3":1,"4":1,"5":1,"6":1},"f":{"0":0,"1":1},"b":{},"_coverageSchema":"43e27e138ebf9cfc5966b082cf9a028302ed4184","hash":"417c146ea656188abfae5398141432b07fcd8177"}
,"C:\\Users\\geras\\Desktop\\js\\Gerasik-2019Q1\\youtube-client\\src\\views\\AppMain\\AppMain.js": {"path":"C:\\Users\\geras\\Desktop\\js\\Gerasik-2019Q1\\youtube-client\\src\\views\\AppMain\\AppMain.js","statementMap":{"0":{"start":{"line":3,"column":4},"end":{"line":3,"column":35}},"1":{"start":{"line":4,"column":4},"end":{"line":4,"column":32}},"2":{"start":{"line":8,"column":19},"end":{"line":8,"column":51}},"3":{"start":{"line":9,"column":23},"end":{"line":9,"column":53}},"4":{"start":{"line":10,"column":19},"end":{"line":10,"column":50}},"5":{"start":{"line":11,"column":19},"end":{"line":11,"column":50}},"6":{"start":{"line":13,"column":4},"end":{"line":13,"column":40}},"7":{"start":{"line":14,"column":4},"end":{"line":14,"column":49}},"8":{"start":{"line":15,"column":4},"end":{"line":15,"column":42}},"9":{"start":{"line":16,"column":4},"end":{"line":16,"column":43}},"10":{"start":{"line":18,"column":4},"end":{"line":18,"column":36}},"11":{"start":{"line":19,"column":4},"end":{"line":19,"column":49}},"12":{"start":{"line":21,"column":4},"end":{"line":21,"column":38}},"13":{"start":{"line":22,"column":4},"end":{"line":22,"column":35}},"14":{"start":{"line":23,"column":4},"end":{"line":23,"column":35}},"15":{"start":{"line":24,"column":4},"end":{"line":24,"column":35}},"16":{"start":{"line":26,"column":4},"end":{"line":26,"column":67}}},"fnMap":{"0":{"name":"(anonymous_0)","decl":{"start":{"line":2,"column":2},"end":{"line":2,"column":3}},"loc":{"start":{"line":2,"column":27},"end":{"line":5,"column":3}},"line":2},"1":{"name":"(anonymous_1)","decl":{"start":{"line":7,"column":2},"end":{"line":7,"column":3}},"loc":{"start":{"line":7,"column":11},"end":{"line":27,"column":3}},"line":7}},"branchMap":{},"s":{"0":0,"1":0,"2":1,"3":1,"4":1,"5":1,"6":1,"7":1,"8":1,"9":1,"10":1,"11":1,"12":1,"13":1,"14":1,"15":1,"16":1},"f":{"0":0,"1":1},"b":{},"_coverageSchema":"43e27e138ebf9cfc5966b082cf9a028302ed4184","hash":"3f5d7178bce9d3dd9f6ed7efc25a00ff0510aafc"}
,"C:\\Users\\geras\\Desktop\\js\\Gerasik-2019Q1\\youtube-client\\src\\views\\AppSlider\\AppSlider.js": {"path":"C:\\Users\\geras\\Desktop\\js\\Gerasik-2019Q1\\youtube-client\\src\\views\\AppSlider\\AppSlider.js","statementMap":{"0":{"start":{"line":3,"column":4},"end":{"line":3,"column":25}},"1":{"start":{"line":4,"column":4},"end":{"line":4,"column":24}},"2":{"start":{"line":5,"column":4},"end":{"line":5,"column":21}},"3":{"start":{"line":6,"column":4},"end":{"line":6,"column":21}},"4":{"start":{"line":10,"column":4},"end":{"line":14,"column":5}},"5":{"start":{"line":11,"column":21},"end":{"line":11,"column":54}},"6":{"start":{"line":12,"column":6},"end":{"line":12,"column":38}},"7":{"start":{"line":13,"column":6},"end":{"line":13,"column":40}},"8":{"start":{"line":15,"column":4},"end":{"line":15,"column":25}},"9":{"start":{"line":16,"column":4},"end":{"line":16,"column":20}},"10":{"start":{"line":18,"column":4},"end":{"line":18,"column":92}},"11":{"start":{"line":19,"column":4},"end":{"line":19,"column":93}},"12":{"start":{"line":20,"column":4},"end":{"line":20,"column":90}},"13":{"start":{"line":21,"column":4},"end":{"line":21,"column":91}},"14":{"start":{"line":25,"column":4},"end":{"line":25,"column":59}},"15":{"start":{"line":26,"column":18},"end":{"line":26,"column":47}},"16":{"start":{"line":27,"column":4},"end":{"line":27,"column":47}},"17":{"start":{"line":28,"column":4},"end":{"line":28,"column":36}},"18":{"start":{"line":32,"column":26},"end":{"line":32,"column":54}},"19":{"start":{"line":33,"column":23},"end":{"line":33,"column":51}},"20":{"start":{"line":34,"column":27},"end":{"line":34,"column":55}},"21":{"start":{"line":35,"column":27},"end":{"line":35,"column":55}},"22":{"start":{"line":36,"column":23},"end":{"line":36,"column":51}},"23":{"start":{"line":38,"column":4},"end":{"line":38,"column":46}},"24":{"start":{"line":39,"column":4},"end":{"line":39,"column":49}},"25":{"start":{"line":40,"column":4},"end":{"line":40,"column":53}},"26":{"start":{"line":41,"column":4},"end":{"line":41,"column":58}},"27":{"start":{"line":42,"column":4},"end":{"line":42,"column":49}},"28":{"start":{"line":44,"column":4},"end":{"line":44,"column":48}},"29":{"start":{"line":45,"column":4},"end":{"line":45,"column":52}},"30":{"start":{"line":46,"column":4},"end":{"line":46,"column":52}},"31":{"start":{"line":47,"column":4},"end":{"line":47,"column":48}},"32":{"start":{"line":49,"column":4},"end":{"line":49,"column":62}},"33":{"start":{"line":51,"column":4},"end":{"line":51,"column":45}},"34":{"start":{"line":52,"column":4},"end":{"line":52,"column":42}},"35":{"start":{"line":53,"column":4},"end":{"line":53,"column":46}},"36":{"start":{"line":54,"column":4},"end":{"line":54,"column":46}},"37":{"start":{"line":55,"column":4},"end":{"line":55,"column":42}},"38":{"start":{"line":57,"column":4},"end":{"line":82,"column":7}},"39":{"start":{"line":59,"column":6},"end":{"line":67,"column":7}},"40":{"start":{"line":60,"column":8},"end":{"line":60,"column":23}},"41":{"start":{"line":61,"column":13},"end":{"line":67,"column":7}},"42":{"start":{"line":62,"column":8},"end":{"line":62,"column":23}},"43":{"start":{"line":63,"column":13},"end":{"line":67,"column":7}},"44":{"start":{"line":64,"column":8},"end":{"line":64,"column":23}},"45":{"start":{"line":65,"column":13},"end":{"line":67,"column":7}},"46":{"start":{"line":66,"column":8},"end":{"line":66,"column":23}},"47":{"start":{"line":68,"column":23},"end":{"line":68,"column":25}},"48":{"start":{"line":69,"column":6},"end":{"line":74,"column":7}},"49":{"start":{"line":70,"column":8},"end":{"line":72,"column":9}},"50":{"start":{"line":71,"column":10},"end":{"line":71,"column":97}},"51":{"start":{"line":73,"column":8},"end":{"line":73,"column":41}},"52":{"start":{"line":75,"column":6},"end":{"line":75,"column":22}},"53":{"start":{"line":76,"column":6},"end":{"line":81,"column":9}},"54":{"start":{"line":77,"column":8},"end":{"line":79,"column":9}},"55":{"start":{"line":78,"column":10},"end":{"line":78,"column":26}},"56":{"start":{"line":80,"column":8},"end":{"line":80,"column":49}}},"fnMap":{"0":{"name":"(anonymous_0)","decl":{"start":{"line":2,"column":2},"end":{"line":2,"column":3}},"loc":{"start":{"line":2,"column":26},"end":{"line":7,"column":3}},"line":2},"1":{"name":"(anonymous_1)","decl":{"start":{"line":9,"column":2},"end":{"line":9,"column":3}},"loc":{"start":{"line":9,"column":11},"end":{"line":22,"column":3}},"line":9},"2":{"name":"(anonymous_2)","decl":{"start":{"line":24,"column":2},"end":{"line":24,"column":3}},"loc":{"start":{"line":24,"column":13},"end":{"line":29,"column":3}},"line":24},"3":{"name":"(anonymous_3)","decl":{"start":{"line":31,"column":2},"end":{"line":31,"column":3}},"loc":{"start":{"line":31,"column":18},"end":{"line":83,"column":3}},"line":31},"4":{"name":"(anonymous_4)","decl":{"start":{"line":57,"column":38},"end":{"line":57,"column":39}},"loc":{"start":{"line":57,"column":44},"end":{"line":82,"column":5}},"line":57},"5":{"name":"(anonymous_5)","decl":{"start":{"line":76,"column":23},"end":{"line":76,"column":24}},"loc":{"start":{"line":76,"column":33},"end":{"line":81,"column":7}},"line":76}},"branchMap":{"0":{"loc":{"start":{"line":10,"column":4},"end":{"line":14,"column":5}},"type":"if","locations":[{"start":{"line":10,"column":4},"end":{"line":14,"column":5}},{"start":{"line":10,"column":4},"end":{"line":14,"column":5}}],"line":10},"1":{"loc":{"start":{"line":59,"column":6},"end":{"line":67,"column":7}},"type":"if","locations":[{"start":{"line":59,"column":6},"end":{"line":67,"column":7}},{"start":{"line":59,"column":6},"end":{"line":67,"column":7}}],"line":59},"2":{"loc":{"start":{"line":61,"column":13},"end":{"line":67,"column":7}},"type":"if","locations":[{"start":{"line":61,"column":13},"end":{"line":67,"column":7}},{"start":{"line":61,"column":13},"end":{"line":67,"column":7}}],"line":61},"3":{"loc":{"start":{"line":61,"column":17},"end":{"line":61,"column":69}},"type":"binary-expr","locations":[{"start":{"line":61,"column":17},"end":{"line":61,"column":42}},{"start":{"line":61,"column":46},"end":{"line":61,"column":69}}],"line":61},"4":{"loc":{"start":{"line":63,"column":13},"end":{"line":67,"column":7}},"type":"if","locations":[{"start":{"line":63,"column":13},"end":{"line":67,"column":7}},{"start":{"line":63,"column":13},"end":{"line":67,"column":7}}],"line":63},"5":{"loc":{"start":{"line":63,"column":17},"end":{"line":63,"column":68}},"type":"binary-expr","locations":[{"start":{"line":63,"column":17},"end":{"line":63,"column":41}},{"start":{"line":63,"column":45},"end":{"line":63,"column":68}}],"line":63},"6":{"loc":{"start":{"line":65,"column":13},"end":{"line":67,"column":7}},"type":"if","locations":[{"start":{"line":65,"column":13},"end":{"line":67,"column":7}},{"start":{"line":65,"column":13},"end":{"line":67,"column":7}}],"line":65},"7":{"loc":{"start":{"line":77,"column":8},"end":{"line":79,"column":9}},"type":"if","locations":[{"start":{"line":77,"column":8},"end":{"line":79,"column":9}},{"start":{"line":77,"column":8},"end":{"line":79,"column":9}}],"line":77}},"s":{"0":0,"1":0,"2":0,"3":0,"4":1,"5":1,"6":1,"7":1,"8":1,"9":1,"10":1,"11":1,"12":1,"13":1,"14":1,"15":1,"16":1,"17":1,"18":1,"19":1,"20":1,"21":1,"22":1,"23":1,"24":1,"25":1,"26":1,"27":1,"28":1,"29":1,"30":1,"31":1,"32":1,"33":1,"34":1,"35":1,"36":1,"37":1,"38":1,"39":0,"40":0,"41":0,"42":0,"43":0,"44":0,"45":0,"46":0,"47":0,"48":0,"49":0,"50":0,"51":0,"52":0,"53":0,"54":0,"55":0,"56":0},"f":{"0":0,"1":1,"2":1,"3":1,"4":0,"5":0},"b":{"0":[1,0],"1":[0,0],"2":[0,0],"3":[0,0],"4":[0,0],"5":[0,0],"6":[0,0],"7":[0,0]},"_coverageSchema":"43e27e138ebf9cfc5966b082cf9a028302ed4184","hash":"302b3fd7f71616810b03bdf710b3e1780ad4b62b"}
}
